[12:55:08] [ServerMain/INFO]: Environment: Environment[sessionHost=https://sessionserver.mojang.com, servicesHost=https://api.minecraftservices.com, name=PROD]
[12:55:11] [ServerMain/INFO]: Loaded 1175 recipes
[12:55:11] [ServerMain/INFO]: Loaded 1276 advancements
[12:55:12] [Server thread/INFO]: Starting minecraft server version 1.20.6
[12:55:12] [Server thread/INFO]: Loading properties
[12:55:12] [Server thread/INFO]: Default game type: SURVIVAL
[12:55:12] [Server thread/INFO]: Generating keypair
[12:55:12] [Server thread/INFO]: Starting Minecraft server on *:25565
[12:55:12] [Server thread/INFO]: Using epoll channel type
[12:55:12] [Server thread/WARN]: **** SERVER IS RUNNING IN OFFLINE/INSECURE MODE!
[12:55:12] [Server thread/WARN]: The server will make no attempt to authenticate usernames. Beware.
[12:55:12] [Server thread/WARN]: While this makes the game possible to play without internet access, it also opens up the ability for hackers to connect with any username they choose.
[12:55:12] [Server thread/WARN]: To change this, set "online-mode" to "true" in the server.properties file.
[12:55:12] [Server thread/INFO]: Preparing level "world"
[12:55:20] [Server thread/INFO]: Preparing start region for dimension minecraft:overworld
[12:55:22] [Worker-Main-1/INFO]: Preparing spawn area: 0%
[12:55:22] [Worker-Main-1/INFO]: Preparing spawn area: 0%
[12:55:22] [Worker-Main-1/INFO]: Preparing spawn area: 0%
[12:55:22] [Worker-Main-1/INFO]: Preparing spawn area: 0%
[12:55:22] [Worker-Main-1/INFO]: Preparing spawn area: 0%
[12:55:22] [Worker-Main-1/INFO]: Preparing spawn area: 0%
[12:55:23] [Worker-Main-1/INFO]: Preparing spawn area: 0%
[12:55:23] [Server thread/INFO]: Time elapsed: 3193 ms
[12:55:23] [Server thread/INFO]: Done (11.242s)! For help, type "help"
[12:58:24] [Server thread/INFO]: hifese[/127.143.125.30:55665] logged in with entity id 18 at (353.08428574590044, 62.9375, -355.3365659543335)
[12:58:24] [Server thread/INFO]: hifese joined the game
[12:58:27] [Server thread/WARN]: Can't keep up! Is the server overloaded? Running 3271ms or 65 ticks behind
